app/build/intermediates/manifest_merge_blame_file/debug/manifest-merger-blame-debug-report.txt
1<?xml version="1.0" encoding="utf-8"?>
2<manifest xmlns:android="http://schemas.android.com/apk/res/android"
3    package="com.example.myfirstapp"
4    android:versionCode="1"
5    android:versionName="1.0" >
6
7    <uses-sdk
8        android:minSdkVersion="23"
8-->src/main/AndroidManifest.xml
9        android:targetSdkVersion="30" />
9-->src/main/AndroidManifest.xml
10
11    <application
11-->src/main/AndroidManifest.xml:5:5-26:19
12        android:allowBackup="true"
12-->src/main/AndroidManifest.xml:6:9-35
13        android:appComponentFactory="android.support.v4.app.CoreComponentFactory"
13-->[com.android.support:support-compat:28.0.0] AndroidManifest.xml:22:18-91
14        android:debuggable="true"
15        android:extractNativeLibs="false"
16        android:icon="@mipmap/ic_launcher"
16-->src/main/AndroidManifest.xml:7:9-43
17        android:label="@string/app_name"
17-->src/main/AndroidManifest.xml:8:9-41
18        android:roundIcon="@mipmap/ic_launcher_round"
18-->src/main/AndroidManifest.xml:9:9-54
19        android:supportsRtl="true"
19-->src/main/AndroidManifest.xml:10:9-35
20        android:testOnly="true"
21        android:theme="@style/AppTheme" >
21-->src/main/AndroidManifest.xml:11:9-40
22        <activity
22-->src/main/AndroidManifest.xml:12:9-18:20
23            android:name="com.example.myfirstapp.DisplayMessageActivity"
23-->src/main/AndroidManifest.xml:12:19-57
24            android:parentActivityName="com.example.myfirstapp.MainActivity" >
24-->src/main/AndroidManifest.xml:13:13-55
25
26            <!-- The meta-data tag is required if you support API level 15 and lower -->
27            <meta-data
27-->src/main/AndroidManifest.xml:15:13-17:49
28                android:name="android.support.PARENT_ACTIVITY"
28-->src/main/AndroidManifest.xml:16:17-63
29                android:value=".MainActivity" />
29-->src/main/AndroidManifest.xml:17:17-46
30        </activity>
31        <activity android:name="com.example.myfirstapp.MainActivity" >
31-->src/main/AndroidManifest.xml:19:9-25:20
31-->src/main/AndroidManifest.xml:19:19-47
32            <intent-filter>
32-->src/main/AndroidManifest.xml:20:13-24:29
33                <action android:name="android.intent.action.MAIN" />
33-->src/main/AndroidManifest.xml:21:17-69
33-->src/main/AndroidManifest.xml:21:25-66
34
35                <category android:name="android.intent.category.LAUNCHER" />
35-->src/main/AndroidManifest.xml:23:17-77
35-->src/main/AndroidManifest.xml:23:27-74
36            </intent-filter>
37        </activity>
38    </application>
39
40</manifest>